<?xml version="1.0" encoding="UTF-8"?>
<testng-results ignored="0" total="4" passed="3" failed="1" skipped="0">
  <reporter-output>
  </reporter-output>
  <suite started-at="2022-01-10T12:20:39 IST" name="Suite" finished-at="2022-01-10T12:20:55 IST" duration-ms="16435">
    <groups>
    </groups>
    <test started-at="2022-01-10T12:20:39 IST" name="Validating navigation Bar" finished-at="2022-01-10T12:20:50 IST" duration-ms="11104">
      <class name="testCases.validateNavigationBar">
        <test-method is-config="true" signature="initialize()[pri:0, instance:testCases.validateNavigationBar@71c5b236]" started-at="2022-01-10T12:20:39 IST" name="initialize" finished-at="2022-01-10T12:20:50 IST" duration-ms="10684" status="PASS">
          <reporter-output>
          </reporter-output>
        </test-method> <!-- initialize -->
        <test-method signature="validateAppNavBar()[pri:0, instance:testCases.validateNavigationBar@71c5b236]" started-at="2022-01-10T12:20:50 IST" name="validateAppNavBar" finished-at="2022-01-10T12:20:50 IST" duration-ms="120" status="PASS">
          <reporter-output>
          </reporter-output>
        </test-method> <!-- validateAppNavBar -->
        <test-method is-config="true" signature="teardown()[pri:0, instance:testCases.validateNavigationBar@71c5b236]" started-at="2022-01-10T12:20:50 IST" name="teardown" finished-at="2022-01-10T12:20:50 IST" duration-ms="277" status="PASS">
          <reporter-output>
          </reporter-output>
        </test-method> <!-- teardown -->
      </class> <!-- testCases.validateNavigationBar -->
    </test> <!-- Validating navigation Bar -->
    <test started-at="2022-01-10T12:20:39 IST" name="Validating title in the Page" finished-at="2022-01-10T12:20:51 IST" duration-ms="12236">
      <class name="testCases.validateTitle">
        <test-method is-config="true" signature="initialize()[pri:0, instance:testCases.validateTitle@2f162cc0]" started-at="2022-01-10T12:20:39 IST" name="initialize" finished-at="2022-01-10T12:20:51 IST" duration-ms="11700" status="PASS">
          <reporter-output>
          </reporter-output>
        </test-method> <!-- initialize -->
        <test-method signature="validateAppTitle()[pri:0, instance:testCases.validateTitle@2f162cc0]" started-at="2022-01-10T12:20:51 IST" name="validateAppTitle" finished-at="2022-01-10T12:20:51 IST" duration-ms="50" status="FAIL">
          <exception class="java.lang.AssertionError">
            <message>
              <![CDATA[expected [FEATURED CO123URSES] but found [FEATURED COURSES]]]>
            </message>
            <full-stacktrace>
              <![CDATA[java.lang.AssertionError: expected [FEATURED CO123URSES] but found [FEATURED COURSES]
at org.testng.Assert.fail(Assert.java:99)
at org.testng.Assert.failNotEquals(Assert.java:1037)
at org.testng.Assert.assertEqualsImpl(Assert.java:140)
at org.testng.Assert.assertEquals(Assert.java:122)
at org.testng.Assert.assertEquals(Assert.java:629)
at org.testng.Assert.assertEquals(Assert.java:639)
at testCases.validateTitle.validateAppTitle(validateTitle.java:43)
at java.base/jdk.internal.reflect.NativeMethodAccessorImpl.invoke0(Native Method)
at java.base/jdk.internal.reflect.NativeMethodAccessorImpl.invoke(NativeMethodAccessorImpl.java:62)
at java.base/jdk.internal.reflect.DelegatingMethodAccessorImpl.invoke(DelegatingMethodAccessorImpl.java:43)
at java.base/java.lang.reflect.Method.invoke(Method.java:566)
at org.testng.internal.MethodInvocationHelper.invokeMethod(MethodInvocationHelper.java:133)
at org.testng.internal.TestInvoker.invokeMethod(TestInvoker.java:598)
at org.testng.internal.TestInvoker.invokeTestMethod(TestInvoker.java:173)
at org.testng.internal.MethodRunner.runInSequence(MethodRunner.java:46)
at org.testng.internal.TestInvoker$MethodInvocationAgent.invoke(TestInvoker.java:824)
at org.testng.internal.TestInvoker.invokeTestMethods(TestInvoker.java:146)
at org.testng.internal.TestMethodWorker.invokeTestMethods(TestMethodWorker.java:146)
at org.testng.internal.TestMethodWorker.run(TestMethodWorker.java:128)
at java.base/java.util.ArrayList.forEach(ArrayList.java:1541)
at org.testng.TestRunner.privateRun(TestRunner.java:794)
at org.testng.TestRunner.run(TestRunner.java:596)
at org.testng.SuiteRunner.runTest(SuiteRunner.java:377)
at org.testng.SuiteRunner.access$000(SuiteRunner.java:28)
at org.testng.SuiteRunner$SuiteWorker.run(SuiteRunner.java:418)
at org.testng.internal.thread.ThreadUtil.lambda$execute$0(ThreadUtil.java:64)
at java.base/java.util.concurrent.FutureTask.run(FutureTask.java:264)
at java.base/java.util.concurrent.ThreadPoolExecutor.runWorker(ThreadPoolExecutor.java:1128)
at java.base/java.util.concurrent.ThreadPoolExecutor$Worker.run(ThreadPoolExecutor.java:628)
at java.base/java.lang.Thread.run(Thread.java:834)
]]>
            </full-stacktrace>
          </exception> <!-- java.lang.AssertionError -->
          <reporter-output>
          </reporter-output>
        </test-method> <!-- validateAppTitle -->
        <test-method is-config="true" signature="teardown()[pri:0, instance:testCases.validateTitle@2f162cc0]" started-at="2022-01-10T12:20:51 IST" name="teardown" finished-at="2022-01-10T12:20:51 IST" duration-ms="219" status="PASS">
          <reporter-output>
          </reporter-output>
        </test-method> <!-- teardown -->
      </class> <!-- testCases.validateTitle -->
    </test> <!-- Validating title in the Page -->
    <test started-at="2022-01-10T12:20:39 IST" name="Validating User login" finished-at="2022-01-10T12:20:55 IST" duration-ms="16435">
      <class name="testCases.HomePage">
        <test-method is-config="true" signature="initialize()[pri:0, instance:testCases.HomePage@5f2606b]" started-at="2022-01-10T12:20:39 IST" name="initialize" finished-at="2022-01-10T12:20:46 IST" duration-ms="6996" status="PASS">
          <reporter-output>
          </reporter-output>
        </test-method> <!-- initialize -->
        <test-method signature="basePageNavigation(java.lang.String,java.lang.String,java.lang.String)[pri:0, instance:testCases.HomePage@5f2606b]" started-at="2022-01-10T12:20:46 IST" name="basePageNavigation" data-provider="getData" finished-at="2022-01-10T12:20:52 IST" duration-ms="5937" status="PASS">
          <params>
            <param index="0">
              <value>
                <![CDATA[nonrestricteduser@qw.com]]>
              </value>
            </param>
            <param index="1">
              <value>
                <![CDATA[123456]]>
              </value>
            </param>
            <param index="2">
              <value>
                <![CDATA[Restrcited User]]>
              </value>
            </param>
          </params>
          <reporter-output>
          </reporter-output>
        </test-method> <!-- basePageNavigation -->
        <test-method signature="basePageNavigation(java.lang.String,java.lang.String,java.lang.String)[pri:0, instance:testCases.HomePage@5f2606b]" started-at="2022-01-10T12:20:52 IST" name="basePageNavigation" data-provider="getData" finished-at="2022-01-10T12:20:55 IST" duration-ms="3402" status="PASS">
          <params>
            <param index="0">
              <value>
                <![CDATA[restricteduser@qw.com]]>
              </value>
            </param>
            <param index="1">
              <value>
                <![CDATA[456788]]>
              </value>
            </param>
            <param index="2">
              <value>
                <![CDATA[Non restricted user]]>
              </value>
            </param>
          </params>
          <reporter-output>
          </reporter-output>
        </test-method> <!-- basePageNavigation -->
        <test-method is-config="true" signature="teardown()[pri:0, instance:testCases.HomePage@5f2606b]" started-at="2022-01-10T12:20:55 IST" name="teardown" finished-at="2022-01-10T12:20:55 IST" duration-ms="67" status="PASS">
          <reporter-output>
          </reporter-output>
        </test-method> <!-- teardown -->
      </class> <!-- testCases.HomePage -->
    </test> <!-- Validating User login -->
  </suite> <!-- Suite -->
</testng-results>
