<?xml version="1.0" encoding="UTF-8"?>
<!-- Generated by org.testng.reporters.JUnitReportReporter -->
<testsuite hostname="ECL-DSK-B02R542" failures="2" tests="51" name="testCases.PatientRegistrationfiledverification" time="49.645" errors="0" timestamp="2022-01-12T18:09:59 IST" skipped="1">
  <testcase classname="testCases.PatientRegistrationfiledverification" name="New_Patient_Registration" time="46.218"/>
  <system-out/>
  <testcase classname="testCases.PatientRegistrationfiledverification" name="initialmatches" time="0.058">
    <failure message="The following asserts failed:
	Intial is not matched expected [] but found [Mrs.]" type="java.lang.AssertionError">
      <![CDATA[java.lang.AssertionError: The following asserts failed:
Intial is not matched expected [] but found [Mrs.]
at org.testng.asserts.SoftAssert.assertAll(SoftAssert.java:47)
at org.testng.asserts.SoftAssert.assertAll(SoftAssert.java:31)
at testCases.PatientRegistrationfiledverification.initialmatches(PatientRegistrationfiledverification.java:282)
at java.base/jdk.internal.reflect.NativeMethodAccessorImpl.invoke0(Native Method)
at java.base/jdk.internal.reflect.NativeMethodAccessorImpl.invoke(NativeMethodAccessorImpl.java:62)
at java.base/jdk.internal.reflect.DelegatingMethodAccessorImpl.invoke(DelegatingMethodAccessorImpl.java:43)
at java.base/java.lang.reflect.Method.invoke(Method.java:566)
at org.testng.internal.MethodInvocationHelper.invokeMethod(MethodInvocationHelper.java:133)
at org.testng.internal.TestInvoker.invokeMethod(TestInvoker.java:598)
at org.testng.internal.TestInvoker.invokeTestMethod(TestInvoker.java:173)
at org.testng.internal.MethodRunner.runInSequence(MethodRunner.java:46)
at org.testng.internal.TestInvoker$MethodInvocationAgent.invoke(TestInvoker.java:824)
at org.testng.internal.TestInvoker.invokeTestMethods(TestInvoker.java:146)
at org.testng.internal.TestMethodWorker.invokeTestMethods(TestMethodWorker.java:146)
at org.testng.internal.TestMethodWorker.run(TestMethodWorker.java:128)
at java.base/java.util.ArrayList.forEach(ArrayList.java:1541)
at org.testng.TestRunner.privateRun(TestRunner.java:794)
at org.testng.TestRunner.run(TestRunner.java:596)
at org.testng.SuiteRunner.runTest(SuiteRunner.java:377)
at org.testng.SuiteRunner.access$000(SuiteRunner.java:28)
at org.testng.SuiteRunner$SuiteWorker.run(SuiteRunner.java:418)
at org.testng.internal.thread.ThreadUtil.lambda$execute$0(ThreadUtil.java:64)
at java.base/java.util.concurrent.FutureTask.run(FutureTask.java:264)
at java.base/java.util.concurrent.ThreadPoolExecutor.runWorker(ThreadPoolExecutor.java:1128)
at java.base/java.util.concurrent.ThreadPoolExecutor$Worker.run(ThreadPoolExecutor.java:628)
at java.base/java.lang.Thread.run(Thread.java:834)
]]>
    </failure>
  </testcase> <!-- initialmatches -->
  <system-out/>
  <testcase classname="testCases.PatientRegistrationfiledverification" name="fistnamematches" time="0.145"/>
  <system-out/>
  <testcase classname="testCases.PatientRegistrationfiledverification" name="lastnamematches" time="0.129"/>
  <system-out/>
  <testcase classname="testCases.PatientRegistrationfiledverification" name="uhidmatches" time="0.089"/>
  <system-out/>
  <testcase classname="testCases.PatientRegistrationfiledverification" name="cotypematches" time="0.158"/>
  <system-out/>
  <testcase classname="testCases.PatientRegistrationfiledverification" name="conamematches" time="0.155"/>
  <system-out/>
  <testcase classname="testCases.PatientRegistrationfiledverification" name="phonematches" time="0.094"/>
  <system-out/>
  <testcase classname="testCases.PatientRegistrationfiledverification" name="mobilenomatches" time="0.102"/>
  <system-out/>
  <testcase classname="testCases.PatientRegistrationfiledverification" name="emergencymatches" time="0.037"/>
  <system-out/>
  <testcase classname="testCases.PatientRegistrationfiledverification" name="person_name_matches" time="0.046"/>
  <system-out/>
  <testcase classname="testCases.PatientRegistrationfiledverification" name="emailmatches" time="0.030"/>
  <system-out/>
  <testcase classname="testCases.PatientRegistrationfiledverification" name="yearmatches" time="0.031"/>
  <system-out/>
  <testcase classname="testCases.PatientRegistrationfiledverification" name="monthmatches" time="0.068"/>
  <system-out/>
  <testcase classname="testCases.PatientRegistrationfiledverification" name="daymatches" time="0.039"/>
  <system-out/>
  <testcase classname="testCases.PatientRegistrationfiledverification" name="permanentadressmatches" time="0.029"/>
  <system-out/>
  <testcase classname="testCases.PatientRegistrationfiledverification" name="permanentpinmatches" time="0.046"/>
  <system-out/>
  <testcase classname="testCases.PatientRegistrationfiledverification" name="permanentcountrymatches" time="0.044"/>
  <system-out/>
  <testcase classname="testCases.PatientRegistrationfiledverification" name="permanentstatematches" time="0.062"/>
  <system-out/>
  <testcase classname="testCases.PatientRegistrationfiledverification" name="permanentcitymatches" time="0.091"/>
  <system-out/>
  <testcase classname="testCases.PatientRegistrationfiledverification" name="permanentareamatches" time="0.141"/>
  <system-out/>
  <testcase classname="testCases.PatientRegistrationfiledverification" name="localaddressmatches" time="0.174"/>
  <system-out/>
  <testcase classname="testCases.PatientRegistrationfiledverification" name="localpinmatches" time="0.039"/>
  <system-out/>
  <testcase classname="testCases.PatientRegistrationfiledverification" name="localcountrymatches" time="0.031"/>
  <system-out/>
  <testcase classname="testCases.PatientRegistrationfiledverification" name="localstatematches" time="0.028"/>
  <system-out/>
  <testcase classname="testCases.PatientRegistrationfiledverification" name="localdistrictmatches" time="0.029"/>
  <system-out/>
  <testcase classname="testCases.PatientRegistrationfiledverification" name="localcitymatches" time="0.029"/>
  <system-out/>
  <testcase classname="testCases.PatientRegistrationfiledverification" name="localareamatches" time="0.037"/>
  <system-out/>
  <testcase classname="testCases.PatientRegistrationfiledverification" name="clicktotherinformaiontab" time="0.121"/>
  <system-out/>
  <testcase classname="testCases.PatientRegistrationfiledverification" name="groupmatches" time="0.040">
    <failure message="The following asserts failed:
	Group is not matched expected [Eye Exam] but found []" type="java.lang.AssertionError">
      <![CDATA[java.lang.AssertionError: The following asserts failed:
Group is not matched expected [Eye Exam] but found []
at org.testng.asserts.SoftAssert.assertAll(SoftAssert.java:47)
at org.testng.asserts.SoftAssert.assertAll(SoftAssert.java:31)
at testCases.PatientRegistrationfiledverification.groupmatches(PatientRegistrationfiledverification.java:556)
at java.base/jdk.internal.reflect.NativeMethodAccessorImpl.invoke0(Native Method)
at java.base/jdk.internal.reflect.NativeMethodAccessorImpl.invoke(NativeMethodAccessorImpl.java:62)
at java.base/jdk.internal.reflect.DelegatingMethodAccessorImpl.invoke(DelegatingMethodAccessorImpl.java:43)
at java.base/java.lang.reflect.Method.invoke(Method.java:566)
at org.testng.internal.MethodInvocationHelper.invokeMethod(MethodInvocationHelper.java:133)
at org.testng.internal.TestInvoker.invokeMethod(TestInvoker.java:598)
at org.testng.internal.TestInvoker.invokeTestMethod(TestInvoker.java:173)
at org.testng.internal.MethodRunner.runInSequence(MethodRunner.java:46)
at org.testng.internal.TestInvoker$MethodInvocationAgent.invoke(TestInvoker.java:824)
at org.testng.internal.TestInvoker.invokeTestMethods(TestInvoker.java:146)
at org.testng.internal.TestMethodWorker.invokeTestMethods(TestMethodWorker.java:146)
at org.testng.internal.TestMethodWorker.run(TestMethodWorker.java:128)
at java.base/java.util.ArrayList.forEach(ArrayList.java:1541)
at org.testng.TestRunner.privateRun(TestRunner.java:794)
at org.testng.TestRunner.run(TestRunner.java:596)
at org.testng.SuiteRunner.runTest(SuiteRunner.java:377)
at org.testng.SuiteRunner.access$000(SuiteRunner.java:28)
at org.testng.SuiteRunner$SuiteWorker.run(SuiteRunner.java:418)
at org.testng.internal.thread.ThreadUtil.lambda$execute$0(ThreadUtil.java:64)
at java.base/java.util.concurrent.FutureTask.run(FutureTask.java:264)
at java.base/java.util.concurrent.ThreadPoolExecutor.runWorker(ThreadPoolExecutor.java:1128)
at java.base/java.util.concurrent.ThreadPoolExecutor$Worker.run(ThreadPoolExecutor.java:628)
at java.base/java.lang.Thread.run(Thread.java:834)
]]>
    </failure>
  </testcase> <!-- groupmatches -->
  <system-out/>
  <testcase classname="testCases.PatientRegistrationfiledverification" name="marritalstatusmatches" time="0.061"/>
  <system-out/>
  <testcase classname="testCases.PatientRegistrationfiledverification" name="partynamematches" time="0.099"/>
  <system-out/>
  <testcase classname="testCases.PatientRegistrationfiledverification" name="mothernamematches" time="0.034"/>
  <system-out/>
  <testcase classname="testCases.PatientRegistrationfiledverification" name="nationalitymatches" time="0.028"/>
  <system-out/>
  <testcase classname="testCases.PatientRegistrationfiledverification" name="sapmatches" time="0.036"/>
  <system-out/>
  <testcase classname="testCases.PatientRegistrationfiledverification" name="faxnumbermatches" time="0.042"/>
  <system-out/>
  <testcase classname="testCases.PatientRegistrationfiledverification" name="bloodgroupmatches" time="0.038"/>
  <system-out/>
  <testcase classname="testCases.PatientRegistrationfiledverification" name="languagematches" time="0.034"/>
  <system-out/>
  <testcase classname="testCases.PatientRegistrationfiledverification" name="religionmatches" time="0.054"/>
  <system-out/>
  <testcase classname="testCases.PatientRegistrationfiledverification" name="occupationmatches" time="0.044"/>
  <system-out/>
  <testcase classname="testCases.PatientRegistrationfiledverification" name="sourcematches" time="0.017"/>
  <system-out/>
  <testcase classname="testCases.PatientRegistrationfiledverification" name="adharmatches" time="0.036"/>
  <system-out/>
  <testcase classname="testCases.PatientRegistrationfiledverification" name="passportmatches" time="0.031"/>
  <system-out/>
  <testcase classname="testCases.PatientRegistrationfiledverification" name="isbplmatches" time="0.025"/>
  <system-out/>
  <testcase classname="testCases.PatientRegistrationfiledverification" name="istriblematches" time="0.030"/>
  <system-out/>
  <testcase classname="testCases.PatientRegistrationfiledverification" name="isdisablematches" time="0.025"/>
  <system-out/>
  <testcase classname="testCases.PatientRegistrationfiledverification" name="disablepercentmatches" time="0.095"/>
  <system-out/>
  <testcase classname="testCases.PatientRegistrationfiledverification" name="isvipmatches" time="0.018"/>
  <system-out/>
  <testcase classname="testCases.PatientRegistrationfiledverification" name="Viptypematches" time="0.493"/>
  <system-out/>
  <testcase classname="testCases.PatientRegistrationfiledverification" name="remarksmatches" time="0.065"/>
  <system-out/>
  <testcase classname="testCases.PatientRegistrationfiledverification" name="permanentdistrictmatches">
    <skipped/>
  </testcase> <!-- permanentdistrictmatches -->
  <system-out/>
</testsuite> <!-- testCases.PatientRegistrationfiledverification -->
