<?xml version="1.0" encoding="UTF-8"?>
<!-- Generated by org.testng.reporters.JUnitReportReporter -->
<testsuite hostname="ECL-DSK-B02R542" failures="5" tests="51" name="testCases.RegistrationVerificationwithSameAddress" time="36.341" errors="0" timestamp="2022-01-12T18:06:28 IST" skipped="1">
  <testcase classname="testCases.RegistrationVerificationwithSameAddress" name="New_Patient_Registration" time="34.554"/>
  <system-out/>
  <testcase classname="testCases.RegistrationVerificationwithSameAddress" name="initialmatches" time="0.053">
    <failure message="The following asserts failed:
	Intial is not matched expected [] but found [Mrs.]" type="java.lang.AssertionError">
      <![CDATA[java.lang.AssertionError: The following asserts failed:
Intial is not matched expected [] but found [Mrs.]
at org.testng.asserts.SoftAssert.assertAll(SoftAssert.java:47)
at org.testng.asserts.SoftAssert.assertAll(SoftAssert.java:31)
at testCases.RegistrationVerificationwithSameAddress.initialmatches(RegistrationVerificationwithSameAddress.java:278)
at java.base/jdk.internal.reflect.NativeMethodAccessorImpl.invoke0(Native Method)
at java.base/jdk.internal.reflect.NativeMethodAccessorImpl.invoke(NativeMethodAccessorImpl.java:62)
at java.base/jdk.internal.reflect.DelegatingMethodAccessorImpl.invoke(DelegatingMethodAccessorImpl.java:43)
at java.base/java.lang.reflect.Method.invoke(Method.java:566)
at org.testng.internal.MethodInvocationHelper.invokeMethod(MethodInvocationHelper.java:133)
at org.testng.internal.TestInvoker.invokeMethod(TestInvoker.java:598)
at org.testng.internal.TestInvoker.invokeTestMethod(TestInvoker.java:173)
at org.testng.internal.MethodRunner.runInSequence(MethodRunner.java:46)
at org.testng.internal.TestInvoker$MethodInvocationAgent.invoke(TestInvoker.java:824)
at org.testng.internal.TestInvoker.invokeTestMethods(TestInvoker.java:146)
at org.testng.internal.TestMethodWorker.invokeTestMethods(TestMethodWorker.java:146)
at org.testng.internal.TestMethodWorker.run(TestMethodWorker.java:128)
at java.base/java.util.ArrayList.forEach(ArrayList.java:1541)
at org.testng.TestRunner.privateRun(TestRunner.java:794)
at org.testng.TestRunner.run(TestRunner.java:596)
at org.testng.SuiteRunner.runTest(SuiteRunner.java:377)
at org.testng.SuiteRunner.runSequentially(SuiteRunner.java:371)
at org.testng.SuiteRunner.privateRun(SuiteRunner.java:332)
at org.testng.SuiteRunner.run(SuiteRunner.java:276)
at org.testng.SuiteRunnerWorker.runSuite(SuiteRunnerWorker.java:53)
at org.testng.SuiteRunnerWorker.run(SuiteRunnerWorker.java:96)
at org.testng.TestNG.runSuitesSequentially(TestNG.java:1212)
at org.testng.TestNG.runSuitesLocally(TestNG.java:1134)
at org.testng.TestNG.runSuites(TestNG.java:1063)
at org.testng.TestNG.run(TestNG.java:1031)
at org.testng.remote.AbstractRemoteTestNG.run(AbstractRemoteTestNG.java:115)
at org.testng.remote.RemoteTestNG.initAndRun(RemoteTestNG.java:251)
at org.testng.remote.RemoteTestNG.main(RemoteTestNG.java:77)
]]>
    </failure>
  </testcase> <!-- initialmatches -->
  <system-out/>
  <testcase classname="testCases.RegistrationVerificationwithSameAddress" name="fistnamematches" time="0.033"/>
  <system-out/>
  <testcase classname="testCases.RegistrationVerificationwithSameAddress" name="lastnamematches" time="0.028"/>
  <system-out/>
  <testcase classname="testCases.RegistrationVerificationwithSameAddress" name="uhidmatches" time="0.031"/>
  <system-out/>
  <testcase classname="testCases.RegistrationVerificationwithSameAddress" name="cotypematches" time="0.042"/>
  <system-out/>
  <testcase classname="testCases.RegistrationVerificationwithSameAddress" name="conamematches" time="0.036"/>
  <system-out/>
  <testcase classname="testCases.RegistrationVerificationwithSameAddress" name="phonematches" time="0.030"/>
  <system-out/>
  <testcase classname="testCases.RegistrationVerificationwithSameAddress" name="mobilenomatches" time="0.033"/>
  <system-out/>
  <testcase classname="testCases.RegistrationVerificationwithSameAddress" name="emergencymatches" time="0.047"/>
  <system-out/>
  <testcase classname="testCases.RegistrationVerificationwithSameAddress" name="person_name_matches" time="0.029"/>
  <system-out/>
  <testcase classname="testCases.RegistrationVerificationwithSameAddress" name="emailmatches" time="0.051"/>
  <system-out/>
  <testcase classname="testCases.RegistrationVerificationwithSameAddress" name="yearmatches" time="0.036"/>
  <system-out/>
  <testcase classname="testCases.RegistrationVerificationwithSameAddress" name="monthmatches" time="0.030"/>
  <system-out/>
  <testcase classname="testCases.RegistrationVerificationwithSameAddress" name="daymatches" time="0.030"/>
  <system-out/>
  <testcase classname="testCases.RegistrationVerificationwithSameAddress" name="permanentadressmatches" time="0.031"/>
  <system-out/>
  <testcase classname="testCases.RegistrationVerificationwithSameAddress" name="permanentpinmatches" time="0.029"/>
  <system-out/>
  <testcase classname="testCases.RegistrationVerificationwithSameAddress" name="permanentcountrymatches" time="0.032"/>
  <system-out/>
  <testcase classname="testCases.RegistrationVerificationwithSameAddress" name="permanentstatematches" time="0.029"/>
  <system-out/>
  <testcase classname="testCases.RegistrationVerificationwithSameAddress" name="permanentcitymatches" time="0.030"/>
  <system-out/>
  <testcase classname="testCases.RegistrationVerificationwithSameAddress" name="permanentareamatches" time="0.030"/>
  <system-out/>
  <testcase classname="testCases.RegistrationVerificationwithSameAddress" name="localaddressmatches" time="0.029"/>
  <system-out/>
  <testcase classname="testCases.RegistrationVerificationwithSameAddress" name="localpinmatches" time="0.029"/>
  <system-out/>
  <testcase classname="testCases.RegistrationVerificationwithSameAddress" name="localcountrymatches" time="0.031"/>
  <system-out/>
  <testcase classname="testCases.RegistrationVerificationwithSameAddress" name="localstatematches" time="0.030"/>
  <system-out/>
  <testcase classname="testCases.RegistrationVerificationwithSameAddress" name="localdistrictmatches" time="0.029"/>
  <system-out/>
  <testcase classname="testCases.RegistrationVerificationwithSameAddress" name="localcitymatches" time="0.030"/>
  <system-out/>
  <testcase classname="testCases.RegistrationVerificationwithSameAddress" name="localareamatches" time="0.029"/>
  <system-out/>
  <testcase classname="testCases.RegistrationVerificationwithSameAddress" name="clicktotherinformaiontab" time="0.093"/>
  <system-out/>
  <testcase classname="testCases.RegistrationVerificationwithSameAddress" name="groupmatches" time="0.041">
    <failure message="The following asserts failed:
	Group is not matched expected [Eye Exam] but found []" type="java.lang.AssertionError">
      <![CDATA[java.lang.AssertionError: The following asserts failed:
Group is not matched expected [Eye Exam] but found []
at org.testng.asserts.SoftAssert.assertAll(SoftAssert.java:47)
at org.testng.asserts.SoftAssert.assertAll(SoftAssert.java:31)
at testCases.RegistrationVerificationwithSameAddress.groupmatches(RegistrationVerificationwithSameAddress.java:552)
at java.base/jdk.internal.reflect.NativeMethodAccessorImpl.invoke0(Native Method)
at java.base/jdk.internal.reflect.NativeMethodAccessorImpl.invoke(NativeMethodAccessorImpl.java:62)
at java.base/jdk.internal.reflect.DelegatingMethodAccessorImpl.invoke(DelegatingMethodAccessorImpl.java:43)
at java.base/java.lang.reflect.Method.invoke(Method.java:566)
at org.testng.internal.MethodInvocationHelper.invokeMethod(MethodInvocationHelper.java:133)
at org.testng.internal.TestInvoker.invokeMethod(TestInvoker.java:598)
at org.testng.internal.TestInvoker.invokeTestMethod(TestInvoker.java:173)
at org.testng.internal.MethodRunner.runInSequence(MethodRunner.java:46)
at org.testng.internal.TestInvoker$MethodInvocationAgent.invoke(TestInvoker.java:824)
at org.testng.internal.TestInvoker.invokeTestMethods(TestInvoker.java:146)
at org.testng.internal.TestMethodWorker.invokeTestMethods(TestMethodWorker.java:146)
at org.testng.internal.TestMethodWorker.run(TestMethodWorker.java:128)
at java.base/java.util.ArrayList.forEach(ArrayList.java:1541)
at org.testng.TestRunner.privateRun(TestRunner.java:794)
at org.testng.TestRunner.run(TestRunner.java:596)
at org.testng.SuiteRunner.runTest(SuiteRunner.java:377)
at org.testng.SuiteRunner.runSequentially(SuiteRunner.java:371)
at org.testng.SuiteRunner.privateRun(SuiteRunner.java:332)
at org.testng.SuiteRunner.run(SuiteRunner.java:276)
at org.testng.SuiteRunnerWorker.runSuite(SuiteRunnerWorker.java:53)
at org.testng.SuiteRunnerWorker.run(SuiteRunnerWorker.java:96)
at org.testng.TestNG.runSuitesSequentially(TestNG.java:1212)
at org.testng.TestNG.runSuitesLocally(TestNG.java:1134)
at org.testng.TestNG.runSuites(TestNG.java:1063)
at org.testng.TestNG.run(TestNG.java:1031)
at org.testng.remote.AbstractRemoteTestNG.run(AbstractRemoteTestNG.java:115)
at org.testng.remote.RemoteTestNG.initAndRun(RemoteTestNG.java:251)
at org.testng.remote.RemoteTestNG.main(RemoteTestNG.java:77)
]]>
    </failure>
  </testcase> <!-- groupmatches -->
  <system-out/>
  <testcase classname="testCases.RegistrationVerificationwithSameAddress" name="marritalstatusmatches" time="0.032">
    <failure message="The following asserts failed:
	Marrital status is not matched expected [Married] but found []" type="java.lang.AssertionError">
      <![CDATA[java.lang.AssertionError: The following asserts failed:
Marrital status is not matched expected [Married] but found []
at org.testng.asserts.SoftAssert.assertAll(SoftAssert.java:47)
at org.testng.asserts.SoftAssert.assertAll(SoftAssert.java:31)
at testCases.RegistrationVerificationwithSameAddress.marritalstatusmatches(RegistrationVerificationwithSameAddress.java:562)
at java.base/jdk.internal.reflect.NativeMethodAccessorImpl.invoke0(Native Method)
at java.base/jdk.internal.reflect.NativeMethodAccessorImpl.invoke(NativeMethodAccessorImpl.java:62)
at java.base/jdk.internal.reflect.DelegatingMethodAccessorImpl.invoke(DelegatingMethodAccessorImpl.java:43)
at java.base/java.lang.reflect.Method.invoke(Method.java:566)
at org.testng.internal.MethodInvocationHelper.invokeMethod(MethodInvocationHelper.java:133)
at org.testng.internal.TestInvoker.invokeMethod(TestInvoker.java:598)
at org.testng.internal.TestInvoker.invokeTestMethod(TestInvoker.java:173)
at org.testng.internal.MethodRunner.runInSequence(MethodRunner.java:46)
at org.testng.internal.TestInvoker$MethodInvocationAgent.invoke(TestInvoker.java:824)
at org.testng.internal.TestInvoker.invokeTestMethods(TestInvoker.java:146)
at org.testng.internal.TestMethodWorker.invokeTestMethods(TestMethodWorker.java:146)
at org.testng.internal.TestMethodWorker.run(TestMethodWorker.java:128)
at java.base/java.util.ArrayList.forEach(ArrayList.java:1541)
at org.testng.TestRunner.privateRun(TestRunner.java:794)
at org.testng.TestRunner.run(TestRunner.java:596)
at org.testng.SuiteRunner.runTest(SuiteRunner.java:377)
at org.testng.SuiteRunner.runSequentially(SuiteRunner.java:371)
at org.testng.SuiteRunner.privateRun(SuiteRunner.java:332)
at org.testng.SuiteRunner.run(SuiteRunner.java:276)
at org.testng.SuiteRunnerWorker.runSuite(SuiteRunnerWorker.java:53)
at org.testng.SuiteRunnerWorker.run(SuiteRunnerWorker.java:96)
at org.testng.TestNG.runSuitesSequentially(TestNG.java:1212)
at org.testng.TestNG.runSuitesLocally(TestNG.java:1134)
at org.testng.TestNG.runSuites(TestNG.java:1063)
at org.testng.TestNG.run(TestNG.java:1031)
at org.testng.remote.AbstractRemoteTestNG.run(AbstractRemoteTestNG.java:115)
at org.testng.remote.RemoteTestNG.initAndRun(RemoteTestNG.java:251)
at org.testng.remote.RemoteTestNG.main(RemoteTestNG.java:77)
]]>
    </failure>
  </testcase> <!-- marritalstatusmatches -->
  <system-out/>
  <testcase classname="testCases.RegistrationVerificationwithSameAddress" name="partynamematches" time="0.051">
    <failure message="The following asserts failed:
	Party is not matched expected [Patient] but found []" type="java.lang.AssertionError">
      <![CDATA[java.lang.AssertionError: The following asserts failed:
Party is not matched expected [Patient] but found []
at org.testng.asserts.SoftAssert.assertAll(SoftAssert.java:47)
at org.testng.asserts.SoftAssert.assertAll(SoftAssert.java:31)
at testCases.RegistrationVerificationwithSameAddress.partynamematches(RegistrationVerificationwithSameAddress.java:571)
at java.base/jdk.internal.reflect.NativeMethodAccessorImpl.invoke0(Native Method)
at java.base/jdk.internal.reflect.NativeMethodAccessorImpl.invoke(NativeMethodAccessorImpl.java:62)
at java.base/jdk.internal.reflect.DelegatingMethodAccessorImpl.invoke(DelegatingMethodAccessorImpl.java:43)
at java.base/java.lang.reflect.Method.invoke(Method.java:566)
at org.testng.internal.MethodInvocationHelper.invokeMethod(MethodInvocationHelper.java:133)
at org.testng.internal.TestInvoker.invokeMethod(TestInvoker.java:598)
at org.testng.internal.TestInvoker.invokeTestMethod(TestInvoker.java:173)
at org.testng.internal.MethodRunner.runInSequence(MethodRunner.java:46)
at org.testng.internal.TestInvoker$MethodInvocationAgent.invoke(TestInvoker.java:824)
at org.testng.internal.TestInvoker.invokeTestMethods(TestInvoker.java:146)
at org.testng.internal.TestMethodWorker.invokeTestMethods(TestMethodWorker.java:146)
at org.testng.internal.TestMethodWorker.run(TestMethodWorker.java:128)
at java.base/java.util.ArrayList.forEach(ArrayList.java:1541)
at org.testng.TestRunner.privateRun(TestRunner.java:794)
at org.testng.TestRunner.run(TestRunner.java:596)
at org.testng.SuiteRunner.runTest(SuiteRunner.java:377)
at org.testng.SuiteRunner.runSequentially(SuiteRunner.java:371)
at org.testng.SuiteRunner.privateRun(SuiteRunner.java:332)
at org.testng.SuiteRunner.run(SuiteRunner.java:276)
at org.testng.SuiteRunnerWorker.runSuite(SuiteRunnerWorker.java:53)
at org.testng.SuiteRunnerWorker.run(SuiteRunnerWorker.java:96)
at org.testng.TestNG.runSuitesSequentially(TestNG.java:1212)
at org.testng.TestNG.runSuitesLocally(TestNG.java:1134)
at org.testng.TestNG.runSuites(TestNG.java:1063)
at org.testng.TestNG.run(TestNG.java:1031)
at org.testng.remote.AbstractRemoteTestNG.run(AbstractRemoteTestNG.java:115)
at org.testng.remote.RemoteTestNG.initAndRun(RemoteTestNG.java:251)
at org.testng.remote.RemoteTestNG.main(RemoteTestNG.java:77)
]]>
    </failure>
  </testcase> <!-- partynamematches -->
  <system-out/>
  <testcase classname="testCases.RegistrationVerificationwithSameAddress" name="mothernamematches" time="0.031"/>
  <system-out/>
  <testcase classname="testCases.RegistrationVerificationwithSameAddress" name="nationalitymatches" time="0.022">
    <failure message="The following asserts failed:
	Nationality is not matched expected [Indian] but found []" type="java.lang.AssertionError">
      <![CDATA[java.lang.AssertionError: The following asserts failed:
Nationality is not matched expected [Indian] but found []
at org.testng.asserts.SoftAssert.assertAll(SoftAssert.java:47)
at org.testng.asserts.SoftAssert.assertAll(SoftAssert.java:31)
at testCases.RegistrationVerificationwithSameAddress.nationalitymatches(RegistrationVerificationwithSameAddress.java:589)
at java.base/jdk.internal.reflect.NativeMethodAccessorImpl.invoke0(Native Method)
at java.base/jdk.internal.reflect.NativeMethodAccessorImpl.invoke(NativeMethodAccessorImpl.java:62)
at java.base/jdk.internal.reflect.DelegatingMethodAccessorImpl.invoke(DelegatingMethodAccessorImpl.java:43)
at java.base/java.lang.reflect.Method.invoke(Method.java:566)
at org.testng.internal.MethodInvocationHelper.invokeMethod(MethodInvocationHelper.java:133)
at org.testng.internal.TestInvoker.invokeMethod(TestInvoker.java:598)
at org.testng.internal.TestInvoker.invokeTestMethod(TestInvoker.java:173)
at org.testng.internal.MethodRunner.runInSequence(MethodRunner.java:46)
at org.testng.internal.TestInvoker$MethodInvocationAgent.invoke(TestInvoker.java:824)
at org.testng.internal.TestInvoker.invokeTestMethods(TestInvoker.java:146)
at org.testng.internal.TestMethodWorker.invokeTestMethods(TestMethodWorker.java:146)
at org.testng.internal.TestMethodWorker.run(TestMethodWorker.java:128)
at java.base/java.util.ArrayList.forEach(ArrayList.java:1541)
at org.testng.TestRunner.privateRun(TestRunner.java:794)
at org.testng.TestRunner.run(TestRunner.java:596)
at org.testng.SuiteRunner.runTest(SuiteRunner.java:377)
at org.testng.SuiteRunner.runSequentially(SuiteRunner.java:371)
at org.testng.SuiteRunner.privateRun(SuiteRunner.java:332)
at org.testng.SuiteRunner.run(SuiteRunner.java:276)
at org.testng.SuiteRunnerWorker.runSuite(SuiteRunnerWorker.java:53)
at org.testng.SuiteRunnerWorker.run(SuiteRunnerWorker.java:96)
at org.testng.TestNG.runSuitesSequentially(TestNG.java:1212)
at org.testng.TestNG.runSuitesLocally(TestNG.java:1134)
at org.testng.TestNG.runSuites(TestNG.java:1063)
at org.testng.TestNG.run(TestNG.java:1031)
at org.testng.remote.AbstractRemoteTestNG.run(AbstractRemoteTestNG.java:115)
at org.testng.remote.RemoteTestNG.initAndRun(RemoteTestNG.java:251)
at org.testng.remote.RemoteTestNG.main(RemoteTestNG.java:77)
]]>
    </failure>
  </testcase> <!-- nationalitymatches -->
  <system-out/>
  <testcase classname="testCases.RegistrationVerificationwithSameAddress" name="sapmatches" time="0.041"/>
  <system-out/>
  <testcase classname="testCases.RegistrationVerificationwithSameAddress" name="faxnumbermatches" time="0.025"/>
  <system-out/>
  <testcase classname="testCases.RegistrationVerificationwithSameAddress" name="bloodgroupmatches" time="0.027"/>
  <system-out/>
  <testcase classname="testCases.RegistrationVerificationwithSameAddress" name="languagematches" time="0.031"/>
  <system-out/>
  <testcase classname="testCases.RegistrationVerificationwithSameAddress" name="religionmatches" time="0.030"/>
  <system-out/>
  <testcase classname="testCases.RegistrationVerificationwithSameAddress" name="occupationmatches" time="0.030"/>
  <system-out/>
  <testcase classname="testCases.RegistrationVerificationwithSameAddress" name="sourcematches" time="0.029"/>
  <system-out/>
  <testcase classname="testCases.RegistrationVerificationwithSameAddress" name="adharmatches" time="0.039"/>
  <system-out/>
  <testcase classname="testCases.RegistrationVerificationwithSameAddress" name="passportmatches" time="0.032"/>
  <system-out/>
  <testcase classname="testCases.RegistrationVerificationwithSameAddress" name="isbplmatches" time="0.022"/>
  <system-out/>
  <testcase classname="testCases.RegistrationVerificationwithSameAddress" name="istriblematches" time="0.030"/>
  <system-out/>
  <testcase classname="testCases.RegistrationVerificationwithSameAddress" name="isdisablematches" time="0.028"/>
  <system-out/>
  <testcase classname="testCases.RegistrationVerificationwithSameAddress" name="disablepercentmatches" time="0.090"/>
  <system-out/>
  <testcase classname="testCases.RegistrationVerificationwithSameAddress" name="isvipmatches" time="0.021"/>
  <system-out/>
  <testcase classname="testCases.RegistrationVerificationwithSameAddress" name="Viptypematches" time="0.114"/>
  <system-out/>
  <testcase classname="testCases.RegistrationVerificationwithSameAddress" name="remarksmatches" time="0.031"/>
  <system-out/>
  <testcase classname="testCases.RegistrationVerificationwithSameAddress" name="permanentdistrictmatches">
    <skipped/>
  </testcase> <!-- permanentdistrictmatches -->
  <system-out/>
</testsuite> <!-- testCases.RegistrationVerificationwithSameAddress -->
